12:15:15.343 [Test worker] INFO  i.g.a.c.e.e.d.b.DataSetExecutor.compareCurrentDataSetWith - DataSetsCompareResult(expected=AbstractDataSet[_orderedTableNameMap=null], actual=AbstractDataSet[_orderedTableNameMap=null], diff=[], rowsMismatch=[])
12:15:16.505 [eventLoopGroupProxy-4-1 @call-handler#3] INFO  ktor.application.log - [32m200 OK[m: [36mGET[m - /mirror/request
12:15:16.619 [eventLoopGroupProxy-4-2 @call-handler#6] INFO  ktor.application.log - [32m200 OK[m: [36mGET[m - /mirror/request
12:15:16.671 [eventLoopGroupProxy-4-1 @call-handler#9] INFO  ktor.application.log - [32m200 OK[m: [36mGET[m - /ignoreJson
12:15:16.713 [eventLoopGroupProxy-4-2 @call-handler#12] INFO  ktor.application.log - [32m200 OK[m: [36mGET[m - /ignoreJson
12:15:16.871 [eventLoopGroupProxy-4-1 @call-handler#15] INFO  ktor.application.log - [32m200 OK[m: [36mGET[m - /mirror/headers
12:15:16.889 [eventLoopGroupProxy-4-2 @call-handler#18] INFO  ktor.application.log - [32m200 OK[m: [36mGET[m - /mirror/headers
12:15:16.948 [eventLoopGroupProxy-4-1 @call-handler#21] INFO  ktor.application.log - [32m200 OK[m: [36mGET[m - /mirror/headers
12:15:16.974 [eventLoopGroupProxy-4-2 @call-handler#24] INFO  ktor.application.log - [32m200 OK[m: [36mGET[m - /mirror/headers
12:15:17.012 [eventLoopGroupProxy-4-1 @call-handler#27] INFO  ktor.application.log - [32m200 OK[m: [36mGET[m - /mirror/headers
12:15:17.028 [eventLoopGroupProxy-4-2 @call-handler#30] INFO  ktor.application.log - [32m200 OK[m: [36mGET[m - /mirror/headers
12:15:17.160 [eventLoopGroupProxy-4-1 @call-handler#33] INFO  ktor.application.log - [32m200 OK[m: [36mPOST[m - /mirror/body
12:15:17.166 [eventLoopGroupProxy-4-2 @call-handler#36] INFO  ktor.application.log - [32m200 OK[m: [36mPOST[m - /mirror/body
12:15:17.180 [eventLoopGroupProxy-4-1 @call-handler#39] INFO  ktor.application.log - [32m200 OK[m: [36mPOST[m - /mirror/body
12:15:17.203 [eventLoopGroupProxy-4-2 @call-handler#42] INFO  ktor.application.log - [32m200 OK[m: [36mPOST[m - /mirror/body
12:15:17.236 [eventLoopGroupProxy-4-1 @call-handler#45] INFO  ktor.application.log - [32m200 OK[m: [36mGET[m - /mirror/headers
12:15:17.268 [eventLoopGroupProxy-4-2 @call-handler#48] INFO  ktor.application.log - [32m200 OK[m: [36mGET[m - /mirror/headers
12:15:17.300 [eventLoopGroupProxy-4-1 @call-handler#51] INFO  ktor.application.log - [32m200 OK[m: [36mPOST[m - /mirror/body
12:15:17.320 [eventLoopGroupProxy-4-2 @call-handler#54] INFO  ktor.application.log - [32m200 OK[m: [36mPOST[m - /mirror/body
12:15:17.347 [eventLoopGroupProxy-4-1 @call-handler#57] INFO  ktor.application.log - [32m200 OK[m: [36mDELETE[m - /mirror/headers
12:15:17.369 [eventLoopGroupProxy-4-2 @call-handler#60] INFO  ktor.application.log - [32m200 OK[m: [36mDELETE[m - /mirror/headers
12:15:17.401 [eventLoopGroupProxy-4-1 @call-handler#63] INFO  ktor.application.log - [32m200 OK[m: [36mPUT[m - /mirror/body
12:15:17.420 [eventLoopGroupProxy-4-2 @call-handler#66] INFO  ktor.application.log - [32m200 OK[m: [36mPUT[m - /mirror/body
12:15:17.443 [eventLoopGroupProxy-4-1 @call-handler#69] INFO  ktor.application.log - [32m200 OK[m: [36mPOST[m - /mirror/body
12:15:17.535 [eventLoopGroupProxy-4-2 @call-handler#72] INFO  ktor.application.log - [32m200 OK[m: [36mGET[m - /mirror/request
12:15:17.554 [eventLoopGroupProxy-4-1 @call-handler#75] INFO  ktor.application.log - [32m200 OK[m: [36mGET[m - /mirror/request
12:15:17.708 [eventLoopGroupProxy-4-2 @call-handler#78] INFO  ktor.application.log - [32m200 OK[m: [36mPOST[m - /mirror/request
12:15:17.839 [eventLoopGroupProxy-4-1 @call-handler#81] INFO  ktor.application.log - [32m200 OK[m: [36mPUT[m - /mirror/request
12:15:17.923 [eventLoopGroupProxy-4-2 @call-handler#84] INFO  ktor.application.log - [32m200 OK[m: [36mDELETE[m - /mirror/request
12:15:17.938 [eventLoopGroupProxy-4-1 @call-handler#87] INFO  ktor.application.log - [32m200 OK[m: [36mDELETE[m - /mirror/request
12:15:18.044 [eventLoopGroupProxy-4-2 @call-handler#90] INFO  ktor.application.log - [32m200 OK[m: [36mPOST[m - /mirror/body
12:15:18.070 [eventLoopGroupProxy-4-1 @call-handler#93] INFO  ktor.application.log - [32m200 OK[m: [36mPOST[m - /mirror/body
