09:45:57.585 [Test worker] INFO  i.g.a.c.e.e.m.c.check.MqVerifier.verify-0E7RQCE - Verifying actual={headers: {}; body:{
"a": 1
}}, expected={headers: {}; body:{"a" :  1}}
09:45:57.586 [Test worker] INFO  i.g.a.c.e.e.m.c.check.MqVerifier.verify-0E7RQCE - Verifying actual={headers: {}; body:<message>123</message>}, expected={headers: {}; body:<message>123</message>}
09:45:57.597 [Test worker] INFO  i.g.a.c.e.e.m.c.check.MqVerifier.verify-0E7RQCE - Verifying actual={headers: {d1=1, d2=2}; body:<message>123</message>}, expected={headers: {d1=1, d2=2}; body:<message>123</message>}
09:45:57.633 [Test worker] INFO  i.g.a.c.e.e.m.c.check.MqVerifier.verify-0E7RQCE - Verifying actual={headers: {}; body:{
  "date": "2022-02-10",
  "var1": "1",
  "var2": "2",
  "var3": "3"
}}, expected={headers: {}; body:{
  "date": "2022-02-10",
  "var1": "1",
  "var2": "2",
  "var3": "3"
}}
09:45:57.633 [Test worker] INFO  i.g.a.c.e.e.m.c.check.MqVerifier.verify-0E7RQCE - Verifying actual={headers: {d1=1, d2=2}; body:{
  "date": "2022-02-10",
  "var1": "1",
  "var2": "2",
  "var3": "3"
}}, expected={headers: {d1=1, d2=2}; body:{
  "date": "2022-02-10",
  "var1": "1",
  "var2": "2",
  "var3": "3"
}}
