09:45:34.729 [Test worker] WARN  i.g.a.c.e.exam.core.ContentVerifier.verify-gIAlu-s - Content verification error
org.opentest4j.AssertionFailedError: JSON documents are different:
Different value found in node "exact", expected: <"10.12.2019"> but was: <"10.12.2020">.

	at net.javacrumbs.jsonunit.core.internal.Opentest4jExceptionFactory.createException(ExceptionFactory.java:35)
	at net.javacrumbs.jsonunit.core.internal.ExceptionUtils.createException(ExceptionUtils.java:45)
	at net.javacrumbs.jsonunit.core.internal.Diff.failIfDifferent(Diff.java:617)
	at net.javacrumbs.jsonunit.core.internal.Diff.failIfDifferent(Diff.java:612)
	at net.javacrumbs.jsonunit.JsonAssert.assertJsonPartEquals(JsonAssert.java:84)
	at net.javacrumbs.jsonunit.JsonAssert.assertJsonEquals(JsonAssert.java:69)
	at io.github.adven27.concordion.extensions.exam.core.JsonVerifier.assertThat(Content.kt:175)
	at io.github.adven27.concordion.extensions.exam.core.ContentVerifier$Default.verify-gIAlu-s(Content.kt:118)
	at io.github.adven27.concordion.extensions.exam.ws.CaseCommand.check(RestCommands.kt:411)
	at io.github.adven27.concordion.extensions.exam.ws.CaseCommand.check(RestCommands.kt:394)
	at io.github.adven27.concordion.extensions.exam.ws.CaseCommand.execute(RestCommands.kt:275)
	at org.concordion.api.AbstractCommandDecorator$2.run(AbstractCommandDecorator.java:25)
	at org.concordion.internal.command.LocalTextDecorator.process(LocalTextDecorator.java:26)
	at org.concordion.api.AbstractCommandDecorator.execute(AbstractCommandDecorator.java:23)
	at org.concordion.api.AbstractCommandDecorator$2.run(AbstractCommandDecorator.java:25)
	at org.concordion.internal.command.ThrowableCatchingDecorator.process(ThrowableCatchingDecorator.java:38)
	at org.concordion.api.AbstractCommandDecorator.execute(AbstractCommandDecorator.java:23)
	at org.concordion.api.CommandCall.execute(CommandCall.java:72)
	at org.concordion.api.CommandCallList.processSequentially(CommandCallList.java:33)
	at io.github.adven27.concordion.extensions.exam.core.commands.ExamCommand.execute(ExamCommand.kt:64)
	at org.concordion.api.AbstractCommandDecorator$2.run(AbstractCommandDecorator.java:25)
	at org.concordion.internal.command.LocalTextDecorator.process(LocalTextDecorator.java:26)
	at org.concordion.api.AbstractCommandDecorator.execute(AbstractCommandDecorator.java:23)
	at org.concordion.api.AbstractCommandDecorator$2.run(AbstractCommandDecorator.java:25)
	at org.concordion.internal.command.ThrowableCatchingDecorator.process(ThrowableCatchingDecorator.java:38)
	at org.concordion.api.AbstractCommandDecorator.execute(AbstractCommandDecorator.java:23)
	at org.concordion.api.CommandCall.execute(CommandCall.java:72)
	at org.concordion.api.CommandCallList.processSequentially(CommandCallList.java:33)
	at org.concordion.internal.command.ExampleCommand.execute(ExampleCommand.java:49)
	at org.concordion.api.AbstractCommandDecorator$2.run(AbstractCommandDecorator.java:25)
	at org.concordion.internal.command.LocalTextDecorator.process(LocalTextDecorator.java:26)
	at org.concordion.api.AbstractCommandDecorator.execute(AbstractCommandDecorator.java:23)
	at org.concordion.api.AbstractCommandDecorator$2.run(AbstractCommandDecorator.java:25)
	at org.concordion.internal.command.ThrowableCatchingDecorator.process(ThrowableCatchingDecorator.java:38)
	at org.concordion.api.AbstractCommandDecorator.execute(AbstractCommandDecorator.java:23)
	at org.concordion.api.CommandCall.execute(CommandCall.java:72)
	at org.concordion.internal.XMLSpecification.processNode(XMLSpecification.java:60)
	at org.concordion.internal.XMLSpecification.processExample(XMLSpecification.java:76)
	at org.concordion.Concordion.processExample(Concordion.java:92)
	at org.concordion.internal.FixtureRunner.run(FixtureRunner.java:41)
	at org.concordion.integration.junit4.ConcordionRunner.invoke(ConcordionRunner.java:207)
	at org.concordion.integration.junit4.ConcordionRunner$1.invoke(ConcordionRunner.java:31)
	at org.concordion.integration.junit4.ConcordionFrameworkMethod.invokeExplosively(ConcordionFrameworkMethod.java:58)
	at org.junit.internal.runners.statements.InvokeMethod.evaluate(InvokeMethod.java:17)
	at org.junit.runners.ParentRunner$3.evaluate(ParentRunner.java:306)
	at org.junit.runners.BlockJUnit4ClassRunner$1.evaluate(BlockJUnit4ClassRunner.java:100)
	at org.junit.runners.ParentRunner.runLeaf(ParentRunner.java:366)
	at org.junit.runners.BlockJUnit4ClassRunner.runChild(BlockJUnit4ClassRunner.java:103)
	at org.concordion.integration.junit4.ConcordionRunner.runChild(ConcordionRunner.java:191)
	at org.concordion.integration.junit4.ConcordionRunner.runChild(ConcordionRunner.java:23)
	at org.junit.runners.ParentRunner$4.run(ParentRunner.java:331)
	at org.junit.runners.ParentRunner$1.schedule(ParentRunner.java:79)
	at org.junit.runners.ParentRunner.runChildren(ParentRunner.java:329)
	at org.junit.runners.ParentRunner.access$100(ParentRunner.java:66)
	at org.junit.runners.ParentRunner$2.evaluate(ParentRunner.java:293)
	at org.junit.runners.ParentRunner$3.evaluate(ParentRunner.java:306)
	at org.junit.runners.ParentRunner.run(ParentRunner.java:413)
	at org.concordion.integration.junit4.ConcordionRunner.run(ConcordionRunner.java:150)
	at org.junit.runners.Suite.runChild(Suite.java:128)
	at org.junit.runners.Suite.runChild(Suite.java:27)
	at org.junit.runners.ParentRunner$4.run(ParentRunner.java:331)
	at org.junit.runners.ParentRunner$1.schedule(ParentRunner.java:79)
	at org.junit.runners.ParentRunner.runChildren(ParentRunner.java:329)
	at org.junit.runners.ParentRunner.access$100(ParentRunner.java:66)
	at org.junit.runners.ParentRunner$2.evaluate(ParentRunner.java:293)
	at org.junit.runners.ParentRunner$3.evaluate(ParentRunner.java:306)
	at org.junit.runners.ParentRunner.run(ParentRunner.java:413)
	at org.junit.runner.JUnitCore.run(JUnitCore.java:137)
	at org.junit.runner.JUnitCore.run(JUnitCore.java:115)
	at org.junit.runner.JUnitCore.run(JUnitCore.java:105)
	at org.junit.runner.JUnitCore.runClasses(JUnitCore.java:62)
	at org.junit.runner.JUnitCore.runClasses(JUnitCore.java:49)
	at org.concordion.internal.runner.DefaultConcordionRunner.runJUnitClass(DefaultConcordionRunner.java:78)
	at org.concordion.internal.runner.DefaultConcordionRunner.runTestClass(DefaultConcordionRunner.java:44)
	at org.concordion.internal.runner.DefaultConcordionRunner.execute(DefaultConcordionRunner.java:19)
	at org.concordion.internal.command.SequentialRunStrategy.call(SequentialRunStrategy.java:10)
	at org.concordion.internal.command.RunCommand.execute(RunCommand.java:81)
	at org.concordion.api.AbstractCommandDecorator$2.run(AbstractCommandDecorator.java:25)
	at org.concordion.internal.command.LocalTextDecorator.process(LocalTextDecorator.java:26)
	at org.concordion.api.AbstractCommandDecorator.execute(AbstractCommandDecorator.java:23)
	at org.concordion.api.AbstractCommandDecorator$2.run(AbstractCommandDecorator.java:25)
	at org.concordion.internal.command.ThrowableCatchingDecorator.process(ThrowableCatchingDecorator.java:38)
	at org.concordion.api.AbstractCommandDecorator.execute(AbstractCommandDecorator.java:23)
	at org.concordion.api.CommandCall.execute(CommandCall.java:72)
	at org.concordion.api.CommandCallList.processSequentially(CommandCallList.java:33)
	at org.concordion.internal.command.SpecificationCommand.execute(SpecificationCommand.java:36)
	at org.concordion.api.CommandCall.execute(CommandCall.java:72)
	at org.concordion.internal.XMLSpecification.processNode(XMLSpecification.java:60)
	at org.concordion.internal.XMLSpecification.processExample(XMLSpecification.java:69)
	at org.concordion.Concordion.processExample(Concordion.java:92)
	at org.concordion.internal.FixtureRunner.run(FixtureRunner.java:41)
	at org.concordion.integration.junit4.ConcordionRunner.invoke(ConcordionRunner.java:207)
	at org.concordion.integration.junit4.ConcordionRunner$1.invoke(ConcordionRunner.java:31)
	at org.concordion.integration.junit4.ConcordionFrameworkMethod.invokeExplosively(ConcordionFrameworkMethod.java:58)
	at org.junit.internal.runners.statements.InvokeMethod.evaluate(InvokeMethod.java:17)
	at org.junit.runners.ParentRunner$3.evaluate(ParentRunner.java:306)
	at org.junit.runners.BlockJUnit4ClassRunner$1.evaluate(BlockJUnit4ClassRunner.java:100)
	at org.junit.runners.ParentRunner.runLeaf(ParentRunner.java:366)
	at org.junit.runners.BlockJUnit4ClassRunner.runChild(BlockJUnit4ClassRunner.java:103)
	at org.concordion.integration.junit4.ConcordionRunner.runChild(ConcordionRunner.java:191)
	at org.concordion.integration.junit4.ConcordionRunner.runChild(ConcordionRunner.java:23)
	at org.junit.runners.ParentRunner$4.run(ParentRunner.java:331)
	at org.junit.runners.ParentRunner$1.schedule(ParentRunner.java:79)
	at org.junit.runners.ParentRunner.runChildren(ParentRunner.java:329)
	at org.junit.runners.ParentRunner.access$100(ParentRunner.java:66)
	at org.junit.runners.ParentRunner$2.evaluate(ParentRunner.java:293)
	at org.junit.runners.ParentRunner$3.evaluate(ParentRunner.java:306)
	at org.junit.runners.ParentRunner.run(ParentRunner.java:413)
	at org.concordion.integration.junit4.ConcordionRunner.run(ConcordionRunner.java:150)
	at org.junit.runners.Suite.runChild(Suite.java:128)
	at org.junit.runners.Suite.runChild(Suite.java:27)
	at org.junit.runners.ParentRunner$4.run(ParentRunner.java:331)
	at org.junit.runners.ParentRunner$1.schedule(ParentRunner.java:79)
	at org.junit.runners.ParentRunner.runChildren(ParentRunner.java:329)
	at org.junit.runners.ParentRunner.access$100(ParentRunner.java:66)
	at org.junit.runners.ParentRunner$2.evaluate(ParentRunner.java:293)
	at org.junit.runners.ParentRunner$3.evaluate(ParentRunner.java:306)
	at org.junit.runners.ParentRunner.run(ParentRunner.java:413)
	at org.junit.runner.JUnitCore.run(JUnitCore.java:137)
	at org.junit.runner.JUnitCore.run(JUnitCore.java:115)
	at org.junit.runner.JUnitCore.run(JUnitCore.java:105)
	at org.junit.runner.JUnitCore.runClasses(JUnitCore.java:62)
	at org.junit.runner.JUnitCore.runClasses(JUnitCore.java:49)
	at org.concordion.internal.runner.DefaultConcordionRunner.runJUnitClass(DefaultConcordionRunner.java:78)
	at org.concordion.internal.runner.DefaultConcordionRunner.runTestClass(DefaultConcordionRunner.java:44)
	at org.concordion.internal.runner.DefaultConcordionRunner.execute(DefaultConcordionRunner.java:19)
	at org.concordion.internal.command.SequentialRunStrategy.call(SequentialRunStrategy.java:10)
	at org.concordion.internal.command.RunCommand.execute(RunCommand.java:81)
	at org.concordion.api.AbstractCommandDecorator$2.run(AbstractCommandDecorator.java:25)
	at org.concordion.internal.command.LocalTextDecorator.process(LocalTextDecorator.java:26)
	at org.concordion.api.AbstractCommandDecorator.execute(AbstractCommandDecorator.java:23)
	at org.concordion.api.AbstractCommandDecorator$2.run(AbstractCommandDecorator.java:25)
	at org.concordion.internal.command.ThrowableCatchingDecorator.process(ThrowableCatchingDecorator.java:38)
	at org.concordion.api.AbstractCommandDecorator.execute(AbstractCommandDecorator.java:23)
	at org.concordion.api.CommandCall.execute(CommandCall.java:72)
	at org.concordion.api.CommandCallList.processSequentially(CommandCallList.java:33)
	at org.concordion.internal.command.SpecificationCommand.execute(SpecificationCommand.java:36)
	at org.concordion.api.CommandCall.execute(CommandCall.java:72)
	at org.concordion.internal.XMLSpecification.processNode(XMLSpecification.java:60)
	at org.concordion.internal.XMLSpecification.processExample(XMLSpecification.java:69)
	at org.concordion.Concordion.processExample(Concordion.java:92)
	at org.concordion.internal.FixtureRunner.run(FixtureRunner.java:41)
	at org.concordion.integration.junit4.ConcordionRunner.invoke(ConcordionRunner.java:207)
	at org.concordion.integration.junit4.ConcordionRunner$1.invoke(ConcordionRunner.java:31)
	at org.concordion.integration.junit4.ConcordionFrameworkMethod.invokeExplosively(ConcordionFrameworkMethod.java:58)
	at org.junit.internal.runners.statements.InvokeMethod.evaluate(InvokeMethod.java:17)
	at org.junit.runners.ParentRunner$3.evaluate(ParentRunner.java:306)
	at org.junit.runners.BlockJUnit4ClassRunner$1.evaluate(BlockJUnit4ClassRunner.java:100)
	at org.junit.runners.ParentRunner.runLeaf(ParentRunner.java:366)
	at org.junit.runners.BlockJUnit4ClassRunner.runChild(BlockJUnit4ClassRunner.java:103)
	at org.concordion.integration.junit4.ConcordionRunner.runChild(ConcordionRunner.java:191)
	at org.concordion.integration.junit4.ConcordionRunner.runChild(ConcordionRunner.java:23)
	at org.junit.runners.ParentRunner$4.run(ParentRunner.java:331)
	at org.junit.runners.ParentRunner$1.schedule(ParentRunner.java:79)
	at org.junit.runners.ParentRunner.runChildren(ParentRunner.java:329)
	at org.junit.runners.ParentRunner.access$100(ParentRunner.java:66)
	at org.junit.runners.ParentRunner$2.evaluate(ParentRunner.java:293)
	at org.junit.runners.ParentRunner$3.evaluate(ParentRunner.java:306)
	at org.junit.runners.ParentRunner.run(ParentRunner.java:413)
	at org.concordion.integration.junit4.ConcordionRunner.run(ConcordionRunner.java:150)
	at org.junit.runners.Suite.runChild(Suite.java:128)
	at org.junit.runners.Suite.runChild(Suite.java:27)
	at org.junit.runners.ParentRunner$4.run(ParentRunner.java:331)
	at org.junit.runners.ParentRunner$1.schedule(ParentRunner.java:79)
	at org.junit.runners.ParentRunner.runChildren(ParentRunner.java:329)
	at org.junit.runners.ParentRunner.access$100(ParentRunner.java:66)
	at org.junit.runners.ParentRunner$2.evaluate(ParentRunner.java:293)
	at org.junit.runners.ParentRunner$3.evaluate(ParentRunner.java:306)
	at org.junit.runners.ParentRunner.run(ParentRunner.java:413)
	at org.junit.runner.JUnitCore.run(JUnitCore.java:137)
	at org.junit.runner.JUnitCore.run(JUnitCore.java:115)
	at org.junit.runner.JUnitCore.run(JUnitCore.java:105)
	at org.junit.runner.JUnitCore.runClasses(JUnitCore.java:62)
	at org.junit.runner.JUnitCore.runClasses(JUnitCore.java:49)
	at org.concordion.internal.runner.DefaultConcordionRunner.runJUnitClass(DefaultConcordionRunner.java:78)
	at org.concordion.internal.runner.DefaultConcordionRunner.runTestClass(DefaultConcordionRunner.java:44)
	at org.concordion.internal.runner.DefaultConcordionRunner.execute(DefaultConcordionRunner.java:19)
	at org.concordion.internal.command.SequentialRunStrategy.call(SequentialRunStrategy.java:10)
	at org.concordion.internal.command.RunCommand.execute(RunCommand.java:81)
	at org.concordion.api.AbstractCommandDecorator$2.run(AbstractCommandDecorator.java:25)
	at org.concordion.internal.command.LocalTextDecorator.process(LocalTextDecorator.java:26)
	at org.concordion.api.AbstractCommandDecorator.execute(AbstractCommandDecorator.java:23)
	at org.concordion.api.AbstractCommandDecorator$2.run(AbstractCommandDecorator.java:25)
	at org.concordion.internal.command.ThrowableCatchingDecorator.process(ThrowableCatchingDecorator.java:38)
	at org.concordion.api.AbstractCommandDecorator.execute(AbstractCommandDecorator.java:23)
	at org.concordion.api.CommandCall.execute(CommandCall.java:72)
	at org.concordion.api.CommandCallList.processSequentially(CommandCallList.java:33)
	at org.concordion.internal.command.SpecificationCommand.execute(SpecificationCommand.java:36)
	at org.concordion.api.CommandCall.execute(CommandCall.java:72)
	at org.concordion.internal.XMLSpecification.processNode(XMLSpecification.java:60)
	at org.concordion.internal.XMLSpecification.processExample(XMLSpecification.java:69)
	at org.concordion.Concordion.processExample(Concordion.java:92)
	at org.concordion.internal.FixtureRunner.run(FixtureRunner.java:41)
	at org.concordion.integration.junit4.ConcordionRunner.invoke(ConcordionRunner.java:207)
	at org.concordion.integration.junit4.ConcordionRunner$1.invoke(ConcordionRunner.java:31)
	at org.concordion.integration.junit4.ConcordionFrameworkMethod.invokeExplosively(ConcordionFrameworkMethod.java:58)
	at org.junit.internal.runners.statements.InvokeMethod.evaluate(InvokeMethod.java:17)
	at org.junit.runners.ParentRunner$3.evaluate(ParentRunner.java:306)
	at org.junit.runners.BlockJUnit4ClassRunner$1.evaluate(BlockJUnit4ClassRunner.java:100)
	at org.junit.runners.ParentRunner.runLeaf(ParentRunner.java:366)
	at org.junit.runners.BlockJUnit4ClassRunner.runChild(BlockJUnit4ClassRunner.java:103)
	at org.concordion.integration.junit4.ConcordionRunner.runChild(ConcordionRunner.java:191)
	at org.concordion.integration.junit4.ConcordionRunner.runChild(ConcordionRunner.java:23)
	at org.junit.runners.ParentRunner$4.run(ParentRunner.java:331)
	at org.junit.runners.ParentRunner$1.schedule(ParentRunner.java:79)
	at org.junit.runners.ParentRunner.runChildren(ParentRunner.java:329)
	at org.junit.runners.ParentRunner.access$100(ParentRunner.java:66)
	at org.junit.runners.ParentRunner$2.evaluate(ParentRunner.java:293)
	at org.junit.runners.ParentRunner$3.evaluate(ParentRunner.java:306)
	at org.junit.runners.ParentRunner.run(ParentRunner.java:413)
	at org.concordion.integration.junit4.ConcordionRunner.run(ConcordionRunner.java:150)
	at org.gradle.api.internal.tasks.testing.junit.JUnitTestClassExecutor.runTestClass(JUnitTestClassExecutor.java:110)
	at org.gradle.api.internal.tasks.testing.junit.JUnitTestClassExecutor.execute(JUnitTestClassExecutor.java:58)
	at org.gradle.api.internal.tasks.testing.junit.JUnitTestClassExecutor.execute(JUnitTestClassExecutor.java:38)
	at org.gradle.api.internal.tasks.testing.junit.AbstractJUnitTestClassProcessor.processTestClass(AbstractJUnitTestClassProcessor.java:62)
	at org.gradle.api.internal.tasks.testing.SuiteTestClassProcessor.processTestClass(SuiteTestClassProcessor.java:51)
	at java.base/jdk.internal.reflect.NativeMethodAccessorImpl.invoke0(Native Method)
	at java.base/jdk.internal.reflect.NativeMethodAccessorImpl.invoke(NativeMethodAccessorImpl.java:62)
	at java.base/jdk.internal.reflect.DelegatingMethodAccessorImpl.invoke(DelegatingMethodAccessorImpl.java:43)
	at java.base/java.lang.reflect.Method.invoke(Method.java:566)
	at org.gradle.internal.dispatch.ReflectionDispatch.dispatch(ReflectionDispatch.java:36)
	at org.gradle.internal.dispatch.ReflectionDispatch.dispatch(ReflectionDispatch.java:24)
	at org.gradle.internal.dispatch.ContextClassLoaderDispatch.dispatch(ContextClassLoaderDispatch.java:33)
	at org.gradle.internal.dispatch.ProxyDispatchAdapter$DispatchingInvocationHandler.invoke(ProxyDispatchAdapter.java:94)
	at com.sun.proxy.$Proxy2.processTestClass(Unknown Source)
	at org.gradle.api.internal.tasks.testing.worker.TestWorker$2.run(TestWorker.java:176)
	at org.gradle.api.internal.tasks.testing.worker.TestWorker.executeAndMaintainThreadName(TestWorker.java:129)
	at org.gradle.api.internal.tasks.testing.worker.TestWorker.execute(TestWorker.java:100)
	at org.gradle.api.internal.tasks.testing.worker.TestWorker.execute(TestWorker.java:60)
	at org.gradle.process.internal.worker.child.ActionExecutionWorker.execute(ActionExecutionWorker.java:56)
	at org.gradle.process.internal.worker.child.SystemApplicationClassLoaderWorker.call(SystemApplicationClassLoaderWorker.java:133)
	at org.gradle.process.internal.worker.child.SystemApplicationClassLoaderWorker.call(SystemApplicationClassLoaderWorker.java:71)
	at worker.org.gradle.process.internal.worker.GradleWorkerMain.run(GradleWorkerMain.java:69)
	at worker.org.gradle.process.internal.worker.GradleWorkerMain.main(GradleWorkerMain.java:74)
09:45:34.752 [eventLoopGroupProxy-4-2 @call-handler#42] INFO  ktor.application.log - [32m200 OK[m: [36mPOST[m - /mirror/body
09:45:34.761 [Test worker] WARN  i.g.a.c.e.exam.core.ContentVerifier.verify-gIAlu-s - Content verification error
org.opentest4j.AssertionFailedError: JSON documents are different:
Different value found in node "exact", expected: <"value is not empty"> but was: <"">.

	at net.javacrumbs.jsonunit.core.internal.Opentest4jExceptionFactory.createException(ExceptionFactory.java:35)
	at net.javacrumbs.jsonunit.core.internal.ExceptionUtils.createException(ExceptionUtils.java:45)
	at net.javacrumbs.jsonunit.core.internal.Diff.failIfDifferent(Diff.java:617)
	at net.javacrumbs.jsonunit.core.internal.Diff.failIfDifferent(Diff.java:612)
	at net.javacrumbs.jsonunit.JsonAssert.assertJsonPartEquals(JsonAssert.java:84)
	at net.javacrumbs.jsonunit.JsonAssert.assertJsonEquals(JsonAssert.java:69)
	at io.github.adven27.concordion.extensions.exam.core.JsonVerifier.assertThat(Content.kt:175)
	at io.github.adven27.concordion.extensions.exam.core.ContentVerifier$Default.verify-gIAlu-s(Content.kt:118)
	at io.github.adven27.concordion.extensions.exam.ws.CaseCommand.check(RestCommands.kt:411)
	at io.github.adven27.concordion.extensions.exam.ws.CaseCommand.check(RestCommands.kt:394)
	at io.github.adven27.concordion.extensions.exam.ws.CaseCommand.execute(RestCommands.kt:275)
	at org.concordion.api.AbstractCommandDecorator$2.run(AbstractCommandDecorator.java:25)
	at org.concordion.internal.command.LocalTextDecorator.process(LocalTextDecorator.java:26)
	at org.concordion.api.AbstractCommandDecorator.execute(AbstractCommandDecorator.java:23)
	at org.concordion.api.AbstractCommandDecorator$2.run(AbstractCommandDecorator.java:25)
	at org.concordion.internal.command.ThrowableCatchingDecorator.process(ThrowableCatchingDecorator.java:38)
	at org.concordion.api.AbstractCommandDecorator.execute(AbstractCommandDecorator.java:23)
	at org.concordion.api.CommandCall.execute(CommandCall.java:72)
	at org.concordion.api.CommandCallList.processSequentially(CommandCallList.java:33)
	at io.github.adven27.concordion.extensions.exam.core.commands.ExamCommand.execute(ExamCommand.kt:64)
	at org.concordion.api.AbstractCommandDecorator$2.run(AbstractCommandDecorator.java:25)
	at org.concordion.internal.command.LocalTextDecorator.process(LocalTextDecorator.java:26)
	at org.concordion.api.AbstractCommandDecorator.execute(AbstractCommandDecorator.java:23)
	at org.concordion.api.AbstractCommandDecorator$2.run(AbstractCommandDecorator.java:25)
	at org.concordion.internal.command.ThrowableCatchingDecorator.process(ThrowableCatchingDecorator.java:38)
	at org.concordion.api.AbstractCommandDecorator.execute(AbstractCommandDecorator.java:23)
	at org.concordion.api.CommandCall.execute(CommandCall.java:72)
	at org.concordion.api.CommandCallList.processSequentially(CommandCallList.java:33)
	at org.concordion.internal.command.ExampleCommand.execute(ExampleCommand.java:49)
	at org.concordion.api.AbstractCommandDecorator$2.run(AbstractCommandDecorator.java:25)
	at org.concordion.internal.command.LocalTextDecorator.process(LocalTextDecorator.java:26)
	at org.concordion.api.AbstractCommandDecorator.execute(AbstractCommandDecorator.java:23)
	at org.concordion.api.AbstractCommandDecorator$2.run(AbstractCommandDecorator.java:25)
	at org.concordion.internal.command.ThrowableCatchingDecorator.process(ThrowableCatchingDecorator.java:38)
	at org.concordion.api.AbstractCommandDecorator.execute(AbstractCommandDecorator.java:23)
	at org.concordion.api.CommandCall.execute(CommandCall.java:72)
	at org.concordion.internal.XMLSpecification.processNode(XMLSpecification.java:60)
	at org.concordion.internal.XMLSpecification.processExample(XMLSpecification.java:76)
	at org.concordion.Concordion.processExample(Concordion.java:92)
	at org.concordion.internal.FixtureRunner.run(FixtureRunner.java:41)
	at org.concordion.integration.junit4.ConcordionRunner.invoke(ConcordionRunner.java:207)
	at org.concordion.integration.junit4.ConcordionRunner$1.invoke(ConcordionRunner.java:31)
	at org.concordion.integration.junit4.ConcordionFrameworkMethod.invokeExplosively(ConcordionFrameworkMethod.java:58)
	at org.junit.internal.runners.statements.InvokeMethod.evaluate(InvokeMethod.java:17)
	at org.junit.runners.ParentRunner$3.evaluate(ParentRunner.java:306)
	at org.junit.runners.BlockJUnit4ClassRunner$1.evaluate(BlockJUnit4ClassRunner.java:100)
	at org.junit.runners.ParentRunner.runLeaf(ParentRunner.java:366)
	at org.junit.runners.BlockJUnit4ClassRunner.runChild(BlockJUnit4ClassRunner.java:103)
	at org.concordion.integration.junit4.ConcordionRunner.runChild(ConcordionRunner.java:191)
	at org.concordion.integration.junit4.ConcordionRunner.runChild(ConcordionRunner.java:23)
	at org.junit.runners.ParentRunner$4.run(ParentRunner.java:331)
	at org.junit.runners.ParentRunner$1.schedule(ParentRunner.java:79)
	at org.junit.runners.ParentRunner.runChildren(ParentRunner.java:329)
	at org.junit.runners.ParentRunner.access$100(ParentRunner.java:66)
	at org.junit.runners.ParentRunner$2.evaluate(ParentRunner.java:293)
	at org.junit.runners.ParentRunner$3.evaluate(ParentRunner.java:306)
	at org.junit.runners.ParentRunner.run(ParentRunner.java:413)
	at org.concordion.integration.junit4.ConcordionRunner.run(ConcordionRunner.java:150)
	at org.junit.runners.Suite.runChild(Suite.java:128)
	at org.junit.runners.Suite.runChild(Suite.java:27)
	at org.junit.runners.ParentRunner$4.run(ParentRunner.java:331)
	at org.junit.runners.ParentRunner$1.schedule(ParentRunner.java:79)
	at org.junit.runners.ParentRunner.runChildren(ParentRunner.java:329)
	at org.junit.runners.ParentRunner.access$100(ParentRunner.java:66)
	at org.junit.runners.ParentRunner$2.evaluate(ParentRunner.java:293)
	at org.junit.runners.ParentRunner$3.evaluate(ParentRunner.java:306)
	at org.junit.runners.ParentRunner.run(ParentRunner.java:413)
	at org.junit.runner.JUnitCore.run(JUnitCore.java:137)
	at org.junit.runner.JUnitCore.run(JUnitCore.java:115)
	at org.junit.runner.JUnitCore.run(JUnitCore.java:105)
	at org.junit.runner.JUnitCore.runClasses(JUnitCore.java:62)
	at org.junit.runner.JUnitCore.runClasses(JUnitCore.java:49)
	at org.concordion.internal.runner.DefaultConcordionRunner.runJUnitClass(DefaultConcordionRunner.java:78)
	at org.concordion.internal.runner.DefaultConcordionRunner.runTestClass(DefaultConcordionRunner.java:44)
	at org.concordion.internal.runner.DefaultConcordionRunner.execute(DefaultConcordionRunner.java:19)
	at org.concordion.internal.command.SequentialRunStrategy.call(SequentialRunStrategy.java:10)
	at org.concordion.internal.command.RunCommand.execute(RunCommand.java:81)
	at org.concordion.api.AbstractCommandDecorator$2.run(AbstractCommandDecorator.java:25)
	at org.concordion.internal.command.LocalTextDecorator.process(LocalTextDecorator.java:26)
	at org.concordion.api.AbstractCommandDecorator.execute(AbstractCommandDecorator.java:23)
	at org.concordion.api.AbstractCommandDecorator$2.run(AbstractCommandDecorator.java:25)
	at org.concordion.internal.command.ThrowableCatchingDecorator.process(ThrowableCatchingDecorator.java:38)
	at org.concordion.api.AbstractCommandDecorator.execute(AbstractCommandDecorator.java:23)
	at org.concordion.api.CommandCall.execute(CommandCall.java:72)
	at org.concordion.api.CommandCallList.processSequentially(CommandCallList.java:33)
	at org.concordion.internal.command.SpecificationCommand.execute(SpecificationCommand.java:36)
	at org.concordion.api.CommandCall.execute(CommandCall.java:72)
	at org.concordion.internal.XMLSpecification.processNode(XMLSpecification.java:60)
	at org.concordion.internal.XMLSpecification.processExample(XMLSpecification.java:69)
	at org.concordion.Concordion.processExample(Concordion.java:92)
	at org.concordion.internal.FixtureRunner.run(FixtureRunner.java:41)
	at org.concordion.integration.junit4.ConcordionRunner.invoke(ConcordionRunner.java:207)
	at org.concordion.integration.junit4.ConcordionRunner$1.invoke(ConcordionRunner.java:31)
	at org.concordion.integration.junit4.ConcordionFrameworkMethod.invokeExplosively(ConcordionFrameworkMethod.java:58)
	at org.junit.internal.runners.statements.InvokeMethod.evaluate(InvokeMethod.java:17)
	at org.junit.runners.ParentRunner$3.evaluate(ParentRunner.java:306)
	at org.junit.runners.BlockJUnit4ClassRunner$1.evaluate(BlockJUnit4ClassRunner.java:100)
	at org.junit.runners.ParentRunner.runLeaf(ParentRunner.java:366)
	at org.junit.runners.BlockJUnit4ClassRunner.runChild(BlockJUnit4ClassRunner.java:103)
	at org.concordion.integration.junit4.ConcordionRunner.runChild(ConcordionRunner.java:191)
	at org.concordion.integration.junit4.ConcordionRunner.runChild(ConcordionRunner.java:23)
	at org.junit.runners.ParentRunner$4.run(ParentRunner.java:331)
	at org.junit.runners.ParentRunner$1.schedule(ParentRunner.java:79)
	at org.junit.runners.ParentRunner.runChildren(ParentRunner.java:329)
	at org.junit.runners.ParentRunner.access$100(ParentRunner.java:66)
	at org.junit.runners.ParentRunner$2.evaluate(ParentRunner.java:293)
	at org.junit.runners.ParentRunner$3.evaluate(ParentRunner.java:306)
	at org.junit.runners.ParentRunner.run(ParentRunner.java:413)
	at org.concordion.integration.junit4.ConcordionRunner.run(ConcordionRunner.java:150)
	at org.junit.runners.Suite.runChild(Suite.java:128)
	at org.junit.runners.Suite.runChild(Suite.java:27)
	at org.junit.runners.ParentRunner$4.run(ParentRunner.java:331)
	at org.junit.runners.ParentRunner$1.schedule(ParentRunner.java:79)
	at org.junit.runners.ParentRunner.runChildren(ParentRunner.java:329)
	at org.junit.runners.ParentRunner.access$100(ParentRunner.java:66)
	at org.junit.runners.ParentRunner$2.evaluate(ParentRunner.java:293)
	at org.junit.runners.ParentRunner$3.evaluate(ParentRunner.java:306)
	at org.junit.runners.ParentRunner.run(ParentRunner.java:413)
	at org.junit.runner.JUnitCore.run(JUnitCore.java:137)
	at org.junit.runner.JUnitCore.run(JUnitCore.java:115)
	at org.junit.runner.JUnitCore.run(JUnitCore.java:105)
	at org.junit.runner.JUnitCore.runClasses(JUnitCore.java:62)
	at org.junit.runner.JUnitCore.runClasses(JUnitCore.java:49)
	at org.concordion.internal.runner.DefaultConcordionRunner.runJUnitClass(DefaultConcordionRunner.java:78)
	at org.concordion.internal.runner.DefaultConcordionRunner.runTestClass(DefaultConcordionRunner.java:44)
	at org.concordion.internal.runner.DefaultConcordionRunner.execute(DefaultConcordionRunner.java:19)
	at org.concordion.internal.command.SequentialRunStrategy.call(SequentialRunStrategy.java:10)
	at org.concordion.internal.command.RunCommand.execute(RunCommand.java:81)
	at org.concordion.api.AbstractCommandDecorator$2.run(AbstractCommandDecorator.java:25)
	at org.concordion.internal.command.LocalTextDecorator.process(LocalTextDecorator.java:26)
	at org.concordion.api.AbstractCommandDecorator.execute(AbstractCommandDecorator.java:23)
	at org.concordion.api.AbstractCommandDecorator$2.run(AbstractCommandDecorator.java:25)
	at org.concordion.internal.command.ThrowableCatchingDecorator.process(ThrowableCatchingDecorator.java:38)
	at org.concordion.api.AbstractCommandDecorator.execute(AbstractCommandDecorator.java:23)
	at org.concordion.api.CommandCall.execute(CommandCall.java:72)
	at org.concordion.api.CommandCallList.processSequentially(CommandCallList.java:33)
	at org.concordion.internal.command.SpecificationCommand.execute(SpecificationCommand.java:36)
	at org.concordion.api.CommandCall.execute(CommandCall.java:72)
	at org.concordion.internal.XMLSpecification.processNode(XMLSpecification.java:60)
	at org.concordion.internal.XMLSpecification.processExample(XMLSpecification.java:69)
	at org.concordion.Concordion.processExample(Concordion.java:92)
	at org.concordion.internal.FixtureRunner.run(FixtureRunner.java:41)
	at org.concordion.integration.junit4.ConcordionRunner.invoke(ConcordionRunner.java:207)
	at org.concordion.integration.junit4.ConcordionRunner$1.invoke(ConcordionRunner.java:31)
	at org.concordion.integration.junit4.ConcordionFrameworkMethod.invokeExplosively(ConcordionFrameworkMethod.java:58)
	at org.junit.internal.runners.statements.InvokeMethod.evaluate(InvokeMethod.java:17)
	at org.junit.runners.ParentRunner$3.evaluate(ParentRunner.java:306)
	at org.junit.runners.BlockJUnit4ClassRunner$1.evaluate(BlockJUnit4ClassRunner.java:100)
	at org.junit.runners.ParentRunner.runLeaf(ParentRunner.java:366)
	at org.junit.runners.BlockJUnit4ClassRunner.runChild(BlockJUnit4ClassRunner.java:103)
	at org.concordion.integration.junit4.ConcordionRunner.runChild(ConcordionRunner.java:191)
	at org.concordion.integration.junit4.ConcordionRunner.runChild(ConcordionRunner.java:23)
	at org.junit.runners.ParentRunner$4.run(ParentRunner.java:331)
	at org.junit.runners.ParentRunner$1.schedule(ParentRunner.java:79)
	at org.junit.runners.ParentRunner.runChildren(ParentRunner.java:329)
	at org.junit.runners.ParentRunner.access$100(ParentRunner.java:66)
	at org.junit.runners.ParentRunner$2.evaluate(ParentRunner.java:293)
	at org.junit.runners.ParentRunner$3.evaluate(ParentRunner.java:306)
	at org.junit.runners.ParentRunner.run(ParentRunner.java:413)
	at org.concordion.integration.junit4.ConcordionRunner.run(ConcordionRunner.java:150)
	at org.junit.runners.Suite.runChild(Suite.java:128)
	at org.junit.runners.Suite.runChild(Suite.java:27)
	at org.junit.runners.ParentRunner$4.run(ParentRunner.java:331)
	at org.junit.runners.ParentRunner$1.schedule(ParentRunner.java:79)
	at org.junit.runners.ParentRunner.runChildren(ParentRunner.java:329)
	at org.junit.runners.ParentRunner.access$100(ParentRunner.java:66)
	at org.junit.runners.ParentRunner$2.evaluate(ParentRunner.java:293)
	at org.junit.runners.ParentRunner$3.evaluate(ParentRunner.java:306)
	at org.junit.runners.ParentRunner.run(ParentRunner.java:413)
	at org.junit.runner.JUnitCore.run(JUnitCore.java:137)
	at org.junit.runner.JUnitCore.run(JUnitCore.java:115)
	at org.junit.runner.JUnitCore.run(JUnitCore.java:105)
	at org.junit.runner.JUnitCore.runClasses(JUnitCore.java:62)
	at org.junit.runner.JUnitCore.runClasses(JUnitCore.java:49)
	at org.concordion.internal.runner.DefaultConcordionRunner.runJUnitClass(DefaultConcordionRunner.java:78)
	at org.concordion.internal.runner.DefaultConcordionRunner.runTestClass(DefaultConcordionRunner.java:44)
	at org.concordion.internal.runner.DefaultConcordionRunner.execute(DefaultConcordionRunner.java:19)
	at org.concordion.internal.command.SequentialRunStrategy.call(SequentialRunStrategy.java:10)
	at org.concordion.internal.command.RunCommand.execute(RunCommand.java:81)
	at org.concordion.api.AbstractCommandDecorator$2.run(AbstractCommandDecorator.java:25)
	at org.concordion.internal.command.LocalTextDecorator.process(LocalTextDecorator.java:26)
	at org.concordion.api.AbstractCommandDecorator.execute(AbstractCommandDecorator.java:23)
	at org.concordion.api.AbstractCommandDecorator$2.run(AbstractCommandDecorator.java:25)
	at org.concordion.internal.command.ThrowableCatchingDecorator.process(ThrowableCatchingDecorator.java:38)
	at org.concordion.api.AbstractCommandDecorator.execute(AbstractCommandDecorator.java:23)
	at org.concordion.api.CommandCall.execute(CommandCall.java:72)
	at org.concordion.api.CommandCallList.processSequentially(CommandCallList.java:33)
	at org.concordion.internal.command.SpecificationCommand.execute(SpecificationCommand.java:36)
	at org.concordion.api.CommandCall.execute(CommandCall.java:72)
	at org.concordion.internal.XMLSpecification.processNode(XMLSpecification.java:60)
	at org.concordion.internal.XMLSpecification.processExample(XMLSpecification.java:69)
	at org.concordion.Concordion.processExample(Concordion.java:92)
	at org.concordion.internal.FixtureRunner.run(FixtureRunner.java:41)
	at org.concordion.integration.junit4.ConcordionRunner.invoke(ConcordionRunner.java:207)
	at org.concordion.integration.junit4.ConcordionRunner$1.invoke(ConcordionRunner.java:31)
	at org.concordion.integration.junit4.ConcordionFrameworkMethod.invokeExplosively(ConcordionFrameworkMethod.java:58)
	at org.junit.internal.runners.statements.InvokeMethod.evaluate(InvokeMethod.java:17)
	at org.junit.runners.ParentRunner$3.evaluate(ParentRunner.java:306)
	at org.junit.runners.BlockJUnit4ClassRunner$1.evaluate(BlockJUnit4ClassRunner.java:100)
	at org.junit.runners.ParentRunner.runLeaf(ParentRunner.java:366)
	at org.junit.runners.BlockJUnit4ClassRunner.runChild(BlockJUnit4ClassRunner.java:103)
	at org.concordion.integration.junit4.ConcordionRunner.runChild(ConcordionRunner.java:191)
	at org.concordion.integration.junit4.ConcordionRunner.runChild(ConcordionRunner.java:23)
	at org.junit.runners.ParentRunner$4.run(ParentRunner.java:331)
	at org.junit.runners.ParentRunner$1.schedule(ParentRunner.java:79)
	at org.junit.runners.ParentRunner.runChildren(ParentRunner.java:329)
	at org.junit.runners.ParentRunner.access$100(ParentRunner.java:66)
	at org.junit.runners.ParentRunner$2.evaluate(ParentRunner.java:293)
	at org.junit.runners.ParentRunner$3.evaluate(ParentRunner.java:306)
	at org.junit.runners.ParentRunner.run(ParentRunner.java:413)
	at org.concordion.integration.junit4.ConcordionRunner.run(ConcordionRunner.java:150)
	at org.gradle.api.internal.tasks.testing.junit.JUnitTestClassExecutor.runTestClass(JUnitTestClassExecutor.java:110)
	at org.gradle.api.internal.tasks.testing.junit.JUnitTestClassExecutor.execute(JUnitTestClassExecutor.java:58)
	at org.gradle.api.internal.tasks.testing.junit.JUnitTestClassExecutor.execute(JUnitTestClassExecutor.java:38)
	at org.gradle.api.internal.tasks.testing.junit.AbstractJUnitTestClassProcessor.processTestClass(AbstractJUnitTestClassProcessor.java:62)
	at org.gradle.api.internal.tasks.testing.SuiteTestClassProcessor.processTestClass(SuiteTestClassProcessor.java:51)
	at java.base/jdk.internal.reflect.NativeMethodAccessorImpl.invoke0(Native Method)
	at java.base/jdk.internal.reflect.NativeMethodAccessorImpl.invoke(NativeMethodAccessorImpl.java:62)
	at java.base/jdk.internal.reflect.DelegatingMethodAccessorImpl.invoke(DelegatingMethodAccessorImpl.java:43)
	at java.base/java.lang.reflect.Method.invoke(Method.java:566)
	at org.gradle.internal.dispatch.ReflectionDispatch.dispatch(ReflectionDispatch.java:36)
	at org.gradle.internal.dispatch.ReflectionDispatch.dispatch(ReflectionDispatch.java:24)
	at org.gradle.internal.dispatch.ContextClassLoaderDispatch.dispatch(ContextClassLoaderDispatch.java:33)
	at org.gradle.internal.dispatch.ProxyDispatchAdapter$DispatchingInvocationHandler.invoke(ProxyDispatchAdapter.java:94)
	at com.sun.proxy.$Proxy2.processTestClass(Unknown Source)
	at org.gradle.api.internal.tasks.testing.worker.TestWorker$2.run(TestWorker.java:176)
	at org.gradle.api.internal.tasks.testing.worker.TestWorker.executeAndMaintainThreadName(TestWorker.java:129)
	at org.gradle.api.internal.tasks.testing.worker.TestWorker.execute(TestWorker.java:100)
	at org.gradle.api.internal.tasks.testing.worker.TestWorker.execute(TestWorker.java:60)
	at org.gradle.process.internal.worker.child.ActionExecutionWorker.execute(ActionExecutionWorker.java:56)
	at org.gradle.process.internal.worker.child.SystemApplicationClassLoaderWorker.call(SystemApplicationClassLoaderWorker.java:133)
	at org.gradle.process.internal.worker.child.SystemApplicationClassLoaderWorker.call(SystemApplicationClassLoaderWorker.java:71)
	at worker.org.gradle.process.internal.worker.GradleWorkerMain.run(GradleWorkerMain.java:69)
	at worker.org.gradle.process.internal.worker.GradleWorkerMain.main(GradleWorkerMain.java:74)
09:45:34.809 [eventLoopGroupProxy-4-1 @call-handler#45] INFO  ktor.application.log - [32m200 OK[m: [36mGET[m - /mirror/headers
09:45:34.868 [eventLoopGroupProxy-4-2 @call-handler#48] INFO  ktor.application.log - [32m200 OK[m: [36mGET[m - /mirror/headers
09:45:34.908 [eventLoopGroupProxy-4-1 @call-handler#51] INFO  ktor.application.log - [32m200 OK[m: [36mPOST[m - /mirror/body
09:45:34.930 [eventLoopGroupProxy-4-2 @call-handler#54] INFO  ktor.application.log - [32m200 OK[m: [36mPOST[m - /mirror/body
09:45:34.964 [eventLoopGroupProxy-4-1 @call-handler#57] INFO  ktor.application.log - [32m200 OK[m: [36mDELETE[m - /mirror/headers
09:45:34.992 [eventLoopGroupProxy-4-2 @call-handler#60] INFO  ktor.application.log - [32m200 OK[m: [36mDELETE[m - /mirror/headers
09:45:35.006 [eventLoopGroupProxy-4-1 @call-handler#63] INFO  ktor.application.log - [32m200 OK[m: [36mPUT[m - /mirror/body
09:45:35.024 [eventLoopGroupProxy-4-2 @call-handler#66] INFO  ktor.application.log - [32m200 OK[m: [36mPUT[m - /mirror/body
09:45:35.052 [eventLoopGroupProxy-4-1 @call-handler#69] INFO  ktor.application.log - [32m200 OK[m: [36mPOST[m - /mirror/body
09:45:35.134 [eventLoopGroupProxy-4-2 @call-handler#72] INFO  ktor.application.log - [32m200 OK[m: [36mGET[m - /mirror/request
09:45:35.152 [eventLoopGroupProxy-4-1 @call-handler#75] INFO  ktor.application.log - [32m200 OK[m: [36mGET[m - /mirror/request
09:45:35.302 [eventLoopGroupProxy-4-2 @call-handler#78] INFO  ktor.application.log - [32m200 OK[m: [36mPOST[m - /mirror/request
09:45:35.393 [eventLoopGroupProxy-4-1 @call-handler#81] INFO  ktor.application.log - [32m200 OK[m: [36mPUT[m - /mirror/request
09:45:35.482 [eventLoopGroupProxy-4-2 @call-handler#84] INFO  ktor.application.log - [32m200 OK[m: [36mDELETE[m - /mirror/request
09:45:35.492 [eventLoopGroupProxy-4-1 @call-handler#87] INFO  ktor.application.log - [32m200 OK[m: [36mDELETE[m - /mirror/request
09:45:35.563 [eventLoopGroupProxy-4-2 @call-handler#90] INFO  ktor.application.log - [32m200 OK[m: [36mPOST[m - /mirror/body
09:45:35.592 [eventLoopGroupProxy-4-1 @call-handler#93] INFO  ktor.application.log - [32m200 OK[m: [36mPOST[m - /mirror/body
