12:40:06.991 [Test worker] INFO  i.g.a.c.e.e.m.c.check.MqVerifier.verify-0E7RQCE - Verifying actual={headers: {}; body:[{
  "index": 0,
  "isActive": false,
  "age": 28,
  "name": "LongLongLongLongLongLongLongLongLongLongLongLongLongLongLongLongLongLongLongLongLongLongLongLongLongLongLongLongLongLongLongLongLongLongLongLongLongLongLongLongLongLongLongLongLongLongLongLong"
}, {
  "index": 1,
  "isActive": true,
  "age": 29,
  "name": "Kasey Burris"
}, {
  "index": 2,
  "isActive": false,
  "age": 40,
  "name": "Antoinette Morse"
}, {
  "index": 3,
  "isActive": true,
  "age": 32,
  "name": "Lilia Ramirez"
}, {
  "index": 4,
  "isActive": true,
  "age": 35,
  "name": "Lily Joyner"
}, {
  "index": 5,
  "isActive": false,
  "age": 22,
  "name": "Ronda Norton"
}, {
  "index": 6,
  "isActive": false,
  "age": 31,
  "name": "Tiffany Davidson"
}, {
  "index": 7,
  "isActive": false,
  "age": 40,
  "name": "Allie Wise"
}, {
  "index": 8,
  "isActive": true,
  "age": 40,
  "name": "Giles Lopez"
}, {
  "index": 9,
  "isActive": false,
  "age": 25,
  "name": "Ramsey Cain"
}]}, expected={headers: {}; body:[{
  "index": 0,
  "isActive": false,
  "age": 28,
  "name": "LongLongLongLongLongLongLongLongLongLongLongLongLongLongLongLongLongLongLongLongLongLongLongLongLongLongLongLongLongLongLongLongLongLongLongLongLongLongLongLongLongLongLongLongLongLongLongLong"
}, {
  "index": 1,
  "isActive": true,
  "age": 29,
  "name": "Kasey Burris"
}, {
  "index": 2,
  "isActive": false,
  "age": 40,
  "name": "Antoinette Morse"
}, {
  "index": 3,
  "isActive": true,
  "age": 32,
  "name": "Lilia Ramirez"
}, {
  "index": 4,
  "isActive": true,
  "age": 35,
  "name": "Lily Joyner"
}, {
  "index": 5,
  "isActive": false,
  "age": 22,
  "name": "Ronda Norton"
}, {
  "index": 6,
  "isActive": false,
  "age": 31,
  "name": "Tiffany Davidson"
}, {
  "index": 7,
  "isActive": false,
  "age": 40,
  "name": "Allie Wise"
}, {
  "index": 8,
  "isActive": true,
  "age": 40,
  "name": "Giles Lopez"
}, {
  "index": 9,
  "isActive": false,
  "age": 25,
  "name": "Ramsey Cain"
}]}
12:40:06.995 [Test worker] INFO  i.g.a.c.e.e.m.c.check.MqVerifier.verify-0E7RQCE - Verifying actual={headers: {}; body:[{
  "index": 0,
  "isActive": false,
  "age": 28,
  "name": "LongLongLongLongLongLongLongLongLongLongLongLongLongLongLongLongLongLongLongLongLongLongLongLongLongLongLongLongLongLongLongLongLongLongLongLongLongLongLongLongLongLongLongLongLongLongLongLong"
}, {
  "index": 1,
  "isActive": true,
  "age": 29,
  "name": "Kasey Burris"
}, {
  "index": 2,
  "isActive": false,
  "age": 40,
  "name": "Antoinette Morse"
}, {
  "index": 3,
  "isActive": true,
  "age": 32,
  "name": "Lilia Ramirez"
}, {
  "index": 4,
  "isActive": true,
  "age": 35,
  "name": "Lily Joyner"
}, {
  "index": 5,
  "isActive": false,
  "age": 22,
  "name": "Ronda Norton"
}, {
  "index": 6,
  "isActive": false,
  "age": 31,
  "name": "Tiffany Davidson"
}, {
  "index": 7,
  "isActive": false,
  "age": 40,
  "name": "Allie Wise"
}, {
  "index": 8,
  "isActive": true,
  "age": 40,
  "name": "Giles Lopez"
}, {
  "index": 9,
  "isActive": false,
  "age": 25,
  "name": "Ramsey Cain"
}]}, expected={headers: {}; body:[{
  "index": 0,
  "isActive": false,
  "age": 28,
  "name": "LongLongLongLongLongLongLongLongLongLongLongLongLongLongLongLongLongLongLongLongLongLongLongLongLongLongLongLongLongLongLongLongLongLongLongLongLongLongLongLongLongLongLongLongLongLongLongLong"
}, {
  "index": 1,
  "isActive": true,
  "age": 29,
  "name": "Kasey Burris"
}, {
  "index": 2,
  "isActive": false,
  "age": 40,
  "name": "Antoinette Morse"
}, {
  "index": 3,
  "isActive": true,
  "age": 32,
  "name": "Lilia Ramirez"
}, {
  "index": 4,
  "isActive": true,
  "age": 35,
  "name": "Lily Joyner"
}, {
  "index": 5,
  "isActive": false,
  "age": 22,
  "name": "Ronda Norton"
}, {
  "index": 6,
  "isActive": false,
  "age": 31,
  "name": "Tiffany Davidson"
}, {
  "index": 7,
  "isActive": false,
  "age": 40,
  "name": "Allie Wise"
}, {
  "index": 8,
  "isActive": true,
  "age": 40,
  "name": "Giles Lopez"
}, {
  "index": 9,
  "isActive": false,
  "age": 25,
  "name": "Ramsey Cain"
}]}
12:40:10.671 [eventLoopGroupProxy-4-2 @call-handler#96] INFO  ktor.application.log - [32m200 OK[m: [36mGET[m - /ui/dummy.html
12:40:14.978 [eventLoopGroupProxy-4-2 @call-handler#98] INFO  ktor.application.log - [32m200 OK[m: [36mGET[m - /ui/dummy.html
12:40:19.231 [eventLoopGroupProxy-4-2 @call-handler#100] INFO  ktor.application.log - [32m200 OK[m: [36mGET[m - /ui/dummy.html
12:40:19.518 [eventLoopGroupProxy-4-1 @call-handler#104] INFO  ktor.application.log - [32m201 Created[m: [36mPOST[m - /widgets
12:40:19.537 [eventLoopGroupProxy-4-2 @call-handler#107] INFO  ktor.application.log - [31m400 Bad Request[m: [36mPOST[m - /widgets
12:40:19.546 [eventLoopGroupProxy-4-1 @call-handler#110] INFO  ktor.application.log - [31m400 Bad Request[m: [36mPOST[m - /widgets
12:40:19.572 [eventLoopGroupProxy-4-2 @call-handler#113] INFO  ktor.application.log - [31m400 Bad Request[m: [36mPOST[m - /widgets
12:40:19.578 [eventLoopGroupProxy-4-1 @call-handler#116] INFO  ktor.application.log - [31m400 Bad Request[m: [36mPOST[m - /widgets
12:40:19.606 [eventLoopGroupProxy-4-2 @call-handler#119] INFO  ktor.application.log - [31m400 Bad Request[m: [36mPOST[m - /widgets
12:40:19.613 [eventLoopGroupProxy-4-1 @call-handler#122] INFO  ktor.application.log - [31m400 Bad Request[m: [36mPOST[m - /widgets
12:40:19.621 [eventLoopGroupProxy-4-2 @call-handler#125] INFO  ktor.application.log - [31m400 Bad Request[m: [36mPOST[m - /widgets
12:40:19.628 [eventLoopGroupProxy-4-1 @call-handler#128] INFO  ktor.application.log - [31m400 Bad Request[m: [36mPOST[m - /widgets
12:40:19.647 [eventLoopGroupProxy-4-2 @call-handler#131] INFO  ktor.application.log - [32m200 OK[m: [36mDELETE[m - /widgets/1
12:40:19.655 [eventLoopGroupProxy-4-1 @call-handler#134] INFO  ktor.application.log - [31m404 Not Found[m: [36mDELETE[m - /widgets/1
12:40:19.679 [eventLoopGroupProxy-4-2 @call-handler#137] INFO  ktor.application.invokeSuspend - service.getAll: [Widget(id=1, name=widget1, quantity=10, updatedAt=2022-02-08T14:40:19.661), Widget(id=2, name=widget2, quantity=20, updatedAt=2022-02-09T12:40:19.661), Widget(id=3, name=widget3, quantity=30, updatedAt=2000-02-01T10:20), Widget(id=4, name=widget4, quantity=40, updatedAt=2022-02-10T00:40:19.661)]
12:40:19.682 [eventLoopGroupProxy-4-2 @call-handler#137] INFO  ktor.application.log - [32m200 OK[m: [36mGET[m - /widgets
12:40:19.697 [eventLoopGroupProxy-4-1 @call-handler#140] INFO  ktor.application.log - [32m201 Created[m: [36mPOST[m - /widgets
12:40:20.242 [eventLoopGroupProxy-4-2 @call-handler#143] INFO  ktor.application.invokeSuspend - service.getAll: [Widget(id=4, name=widget1, quantity=10, updatedAt=2022-02-08T12:40:19.694622)]
12:40:20.245 [eventLoopGroupProxy-4-2 @call-handler#143] INFO  ktor.application.log - [32m200 OK[m: [36mGET[m - /widgets
12:40:20.263 [eventLoopGroupProxy-4-1 @call-handler#146] INFO  ktor.application.log - [32m200 OK[m: [36mPUT[m - /widgets
12:40:20.272 [eventLoopGroupProxy-4-2 @call-handler#149] INFO  ktor.application.invokeSuspend - service.getAll: [Widget(id=4, name=new name, quantity=0, updatedAt=2022-02-08T12:40:20.257214)]
12:40:20.274 [eventLoopGroupProxy-4-2 @call-handler#149] INFO  ktor.application.log - [32m200 OK[m: [36mGET[m - /widgets
12:40:20.284 [eventLoopGroupProxy-4-1 @call-handler#152] INFO  ktor.application.log - [32m200 OK[m: [36mDELETE[m - /widgets/4
12:40:20.292 [eventLoopGroupProxy-4-2 @call-handler#155] INFO  ktor.application.invokeSuspend - service.getAll: []
12:40:20.294 [eventLoopGroupProxy-4-2 @call-handler#155] INFO  ktor.application.log - [32m200 OK[m: [36mGET[m - /widgets
12:40:20.304 [eventLoopGroupProxy-4-1 @call-handler#158] INFO  ktor.application.invokeSuspend - trigger job NewWidget(id=null, name=value, quantity=null)
12:40:20.310 [eventLoopGroupProxy-4-1 @call-handler#158] INFO  ktor.application.log - [32m200 OK[m: [36mPOST[m - /jobs
12:40:20.879 [eventLoopGroupProxy-4-2 @call-handler#162] INFO  ktor.application.invokeSuspend - is job running?
12:40:20.880 [eventLoopGroupProxy-4-2 @call-handler#162] INFO  ktor.application.log - [32m200 OK[m: [36mGET[m - /jobs/1
12:40:21.916 [eventLoopGroupProxy-4-1 @call-handler#165] INFO  ktor.application.invokeSuspend - is job running?
12:40:21.917 [eventLoopGroupProxy-4-1 @call-handler#165] INFO  ktor.application.log - [32m200 OK[m: [36mGET[m - /jobs/1
12:40:22.944 [eventLoopGroupProxy-4-2 @call-handler#168] INFO  ktor.application.invokeSuspend - is job running?
12:40:22.945 [eventLoopGroupProxy-4-2 @call-handler#168] INFO  ktor.application.log - [32m200 OK[m: [36mGET[m - /jobs/1
12:40:22.970 [eventLoopGroupProxy-4-1 @call-handler#171] INFO  ktor.application.invokeSuspend - trigger job NewWidget(id=null, name=value, quantity=null)
12:40:22.971 [eventLoopGroupProxy-4-1 @call-handler#171] INFO  ktor.application.log - [32m200 OK[m: [36mPOST[m - /jobs
12:40:23.033 [eventLoopGroupProxy-4-2 @call-handler#175] INFO  ktor.application.invokeSuspend - is job running?
12:40:23.034 [eventLoopGroupProxy-4-2 @call-handler#175] INFO  ktor.application.log - [32m200 OK[m: [36mGET[m - /jobs/2
12:40:24.042 [eventLoopGroupProxy-4-1 @call-handler#178] INFO  ktor.application.invokeSuspend - is job running?
12:40:24.043 [eventLoopGroupProxy-4-1 @call-handler#178] INFO  ktor.application.log - [32m200 OK[m: [36mGET[m - /jobs/2
12:40:25.050 [eventLoopGroupProxy-4-2 @call-handler#181] INFO  ktor.application.invokeSuspend - is job running?
12:40:25.051 [eventLoopGroupProxy-4-2 @call-handler#181] INFO  ktor.application.log - [32m200 OK[m: [36mGET[m - /jobs/2
12:40:25.065 [eventLoopGroupProxy-4-1 @call-handler#184] INFO  ktor.application.invokeSuspend - trigger job NewWidget(id=null, name=value, quantity=null)
12:40:25.066 [eventLoopGroupProxy-4-1 @call-handler#184] INFO  ktor.application.log - [32m200 OK[m: [36mPOST[m - /jobs
