22:24:03.451 [Test worker] INFO  i.g.a.c.e.e.m.c.check.MqVerifier.verify-0E7RQCE - Verifying actual={headers: {}; body:[{
  "index": 0,
  "isActive": false,
  "age": 28,
  "name": "LongLongLongLongLongLongLongLongLongLongLongLongLongLongLongLongLongLongLongLongLongLongLongLongLongLongLongLongLongLongLongLongLongLongLongLongLongLongLongLongLongLongLongLongLongLongLongLong"
}, {
  "index": 1,
  "isActive": true,
  "age": 29,
  "name": "Kasey Burris"
}, {
  "index": 2,
  "isActive": false,
  "age": 40,
  "name": "Antoinette Morse"
}, {
  "index": 3,
  "isActive": true,
  "age": 32,
  "name": "Lilia Ramirez"
}, {
  "index": 4,
  "isActive": true,
  "age": 35,
  "name": "Lily Joyner"
}, {
  "index": 5,
  "isActive": false,
  "age": 22,
  "name": "Ronda Norton"
}, {
  "index": 6,
  "isActive": false,
  "age": 31,
  "name": "Tiffany Davidson"
}, {
  "index": 7,
  "isActive": false,
  "age": 40,
  "name": "Allie Wise"
}, {
  "index": 8,
  "isActive": true,
  "age": 40,
  "name": "Giles Lopez"
}, {
  "index": 9,
  "isActive": false,
  "age": 25,
  "name": "Ramsey Cain"
}]}, expected={headers: {}; body:[{
  "index": 0,
  "isActive": false,
  "age": 28,
  "name": "LongLongLongLongLongLongLongLongLongLongLongLongLongLongLongLongLongLongLongLongLongLongLongLongLongLongLongLongLongLongLongLongLongLongLongLongLongLongLongLongLongLongLongLongLongLongLongLong"
}, {
  "index": 1,
  "isActive": true,
  "age": 29,
  "name": "Kasey Burris"
}, {
  "index": 2,
  "isActive": false,
  "age": 40,
  "name": "Antoinette Morse"
}, {
  "index": 3,
  "isActive": true,
  "age": 32,
  "name": "Lilia Ramirez"
}, {
  "index": 4,
  "isActive": true,
  "age": 35,
  "name": "Lily Joyner"
}, {
  "index": 5,
  "isActive": false,
  "age": 22,
  "name": "Ronda Norton"
}, {
  "index": 6,
  "isActive": false,
  "age": 31,
  "name": "Tiffany Davidson"
}, {
  "index": 7,
  "isActive": false,
  "age": 40,
  "name": "Allie Wise"
}, {
  "index": 8,
  "isActive": true,
  "age": 40,
  "name": "Giles Lopez"
}, {
  "index": 9,
  "isActive": false,
  "age": 25,
  "name": "Ramsey Cain"
}]}
