20:18:02.957 [Test worker] INFO  i.g.a.c.e.e.m.c.check.MqVerifier.verify-gIAlu-s - Verifying actual={headers: {}; body:[{
  "index": 0,
  "isActive": false,
  "age": 28,
  "name": "LongLongLongLongLongLongLongLongLongLongLongLongLongLongLongLongLongLongLongLongLongLongLongLongLongLongLongLongLongLongLongLongLongLongLongLongLongLongLongLongLongLongLongLongLongLongLongLong"
}, {
  "index": 1,
  "isActive": true,
  "age": 29,
  "name": "Kasey Burris"
}, {
  "index": 2,
  "isActive": false,
  "age": 40,
  "name": "Antoinette Morse"
}, {
  "index": 3,
  "isActive": true,
  "age": 32,
  "name": "Lilia Ramirez"
}, {
  "index": 4,
  "isActive": true,
  "age": 35,
  "name": "Lily Joyner"
}, {
  "index": 5,
  "isActive": false,
  "age": 22,
  "name": "Ronda Norton"
}, {
  "index": 6,
  "isActive": false,
  "age": 31,
  "name": "Tiffany Davidson"
}, {
  "index": 7,
  "isActive": false,
  "age": 40,
  "name": "Allie Wise"
}, {
  "index": 8,
  "isActive": true,
  "age": 40,
  "name": "Giles Lopez"
}, {
  "index": 9,
  "isActive": false,
  "age": 25,
  "name": "Ramsey Cain"
}]}, expected={headers: {}; body:{"wrong": "message"}}
20:18:02.995 [Test worker] INFO  i.g.a.c.e.e.m.c.check.MqVerifier.verify-gIAlu-s - Verifying actual={headers: {}; body:[{
  "index": 0,
  "isActive": false,
  "age": 28,
  "name": "LongLongLongLongLongLongLongLongLongLongLongLongLongLongLongLongLongLongLongLongLongLongLongLongLongLongLongLongLongLongLongLongLongLongLongLongLongLongLongLongLongLongLongLongLongLongLongLong"
}, {
  "index": 1,
  "isActive": true,
  "age": 29,
  "name": "Kasey Burris"
}, {
  "index": 2,
  "isActive": false,
  "age": 40,
  "name": "Antoinette Morse"
}, {
  "index": 3,
  "isActive": true,
  "age": 32,
  "name": "Lilia Ramirez"
}, {
  "index": 4,
  "isActive": true,
  "age": 35,
  "name": "Lily Joyner"
}, {
  "index": 5,
  "isActive": false,
  "age": 22,
  "name": "Ronda Norton"
}, {
  "index": 6,
  "isActive": false,
  "age": 31,
  "name": "Tiffany Davidson"
}, {
  "index": 7,
  "isActive": false,
  "age": 40,
  "name": "Allie Wise"
}, {
  "index": 8,
  "isActive": true,
  "age": 40,
  "name": "Giles Lopez"
}, {
  "index": 9,
  "isActive": false,
  "age": 25,
  "name": "Ramsey Cain"
}]}, expected={headers: {}; body:{"wrong": "1"}}
20:18:03.000 [Test worker] INFO  i.g.a.c.e.e.m.c.check.MqVerifier.verify-gIAlu-s - Verifying actual={headers: {}; body:[{
  "index": 0,
  "isActive": false,
  "age": 28,
  "name": "LongLongLongLongLongLongLongLongLongLongLongLongLongLongLongLongLongLongLongLongLongLongLongLongLongLongLongLongLongLongLongLongLongLongLongLongLongLongLongLongLongLongLongLongLongLongLongLong"
}, {
  "index": 1,
  "isActive": true,
  "age": 29,
  "name": "Kasey Burris"
}, {
  "index": 2,
  "isActive": false,
  "age": 40,
  "name": "Antoinette Morse"
}, {
  "index": 3,
  "isActive": true,
  "age": 32,
  "name": "Lilia Ramirez"
}, {
  "index": 4,
  "isActive": true,
  "age": 35,
  "name": "Lily Joyner"
}, {
  "index": 5,
  "isActive": false,
  "age": 22,
  "name": "Ronda Norton"
}, {
  "index": 6,
  "isActive": false,
  "age": 31,
  "name": "Tiffany Davidson"
}, {
  "index": 7,
  "isActive": false,
  "age": 40,
  "name": "Allie Wise"
}, {
  "index": 8,
  "isActive": true,
  "age": 40,
  "name": "Giles Lopez"
}, {
  "index": 9,
  "isActive": false,
  "age": 25,
  "name": "Ramsey Cain"
}]}, expected={headers: {}; body:[{
  "index": 0,
  "isActive": false,
  "age": 28,
  "name": "LongLongLongLongLongLongLongLongLongLongLongLongLongLongLongLongLongLongLongLongLongLongLongLongLongLongLongLongLongLongLongLongLongLongLongLongLongLongLongLongLongLongLongLongLongLongLongLong"
}, {
  "index": 1,
  "isActive": true,
  "age": 29,
  "name": "Kasey Burris"
}, {
  "index": 2,
  "isActive": false,
  "age": 40,
  "name": "Antoinette Morse"
}, {
  "index": 3,
  "isActive": true,
  "age": 32,
  "name": "Lilia Ramirez"
}, {
  "index": 4,
  "isActive": true,
  "age": 35,
  "name": "Lily Joyner"
}, {
  "index": 5,
  "isActive": false,
  "age": 22,
  "name": "Ronda Norton"
}, {
  "index": 6,
  "isActive": false,
  "age": 31,
  "name": "Tiffany Davidson"
}, {
  "index": 7,
  "isActive": false,
  "age": 40,
  "name": "Allie Wise"
}, {
  "index": 8,
  "isActive": true,
  "age": 40,
  "name": "Giles Lopez"
}, {
  "index": 9,
  "isActive": false,
  "age": 25,
  "name": "Ramsey Cain"
}]}
20:18:03.011 [Test worker] INFO  i.g.a.c.e.e.m.c.check.MqVerifier.verify-gIAlu-s - Verifying actual={headers: {}; body:[{
  "index": 0,
  "isActive": false,
  "age": 28,
  "name": "LongLongLongLongLongLongLongLongLongLongLongLongLongLongLongLongLongLongLongLongLongLongLongLongLongLongLongLongLongLongLongLongLongLongLongLongLongLongLongLongLongLongLongLongLongLongLongLong"
}, {
  "index": 1,
  "isActive": true,
  "age": 29,
  "name": "Kasey Burris"
}, {
  "index": 2,
  "isActive": false,
  "age": 40,
  "name": "Antoinette Morse"
}, {
  "index": 3,
  "isActive": true,
  "age": 32,
  "name": "Lilia Ramirez"
}, {
  "index": 4,
  "isActive": true,
  "age": 35,
  "name": "Lily Joyner"
}, {
  "index": 5,
  "isActive": false,
  "age": 22,
  "name": "Ronda Norton"
}, {
  "index": 6,
  "isActive": false,
  "age": 31,
  "name": "Tiffany Davidson"
}, {
  "index": 7,
  "isActive": false,
  "age": 40,
  "name": "Allie Wise"
}, {
  "index": 8,
  "isActive": true,
  "age": 40,
  "name": "Giles Lopez"
}, {
  "index": 9,
  "isActive": false,
  "age": 25,
  "name": "Ramsey Cain"
}]}, expected={headers: {}; body:{"wrong": "2"}}
20:18:03.039 [Test worker] INFO  i.g.a.c.e.e.m.c.check.MqVerifier.verify-gIAlu-s - Verifying actual={headers: {}; body:[{
  "index": 0,
  "isActive": false,
  "age": 28,
  "name": "LongLongLongLongLongLongLongLongLongLongLongLongLongLongLongLongLongLongLongLongLongLongLongLongLongLongLongLongLongLongLongLongLongLongLongLongLongLongLongLongLongLongLongLongLongLongLongLong"
}, {
  "index": 1,
  "isActive": true,
  "age": 29,
  "name": "Kasey Burris"
}, {
  "index": 2,
  "isActive": false,
  "age": 40,
  "name": "Antoinette Morse"
}, {
  "index": 3,
  "isActive": true,
  "age": 32,
  "name": "Lilia Ramirez"
}, {
  "index": 4,
  "isActive": true,
  "age": 35,
  "name": "Lily Joyner"
}, {
  "index": 5,
  "isActive": false,
  "age": 22,
  "name": "Ronda Norton"
}, {
  "index": 6,
  "isActive": false,
  "age": 31,
  "name": "Tiffany Davidson"
}, {
  "index": 7,
  "isActive": false,
  "age": 40,
  "name": "Allie Wise"
}, {
  "index": 8,
  "isActive": true,
  "age": 40,
  "name": "Giles Lopez"
}, {
  "index": 9,
  "isActive": false,
  "age": 25,
  "name": "Ramsey Cain"
}]}, expected={headers: {}; body:{"wrong": "1"}}
20:18:03.043 [Test worker] INFO  i.g.a.c.e.e.m.c.check.MqVerifier.verify-gIAlu-s - Verifying actual={headers: {}; body:[{
  "index": 0,
  "isActive": false,
  "age": 28,
  "name": "LongLongLongLongLongLongLongLongLongLongLongLongLongLongLongLongLongLongLongLongLongLongLongLongLongLongLongLongLongLongLongLongLongLongLongLongLongLongLongLongLongLongLongLongLongLongLongLong"
}, {
  "index": 1,
  "isActive": true,
  "age": 29,
  "name": "Kasey Burris"
}, {
  "index": 2,
  "isActive": false,
  "age": 40,
  "name": "Antoinette Morse"
}, {
  "index": 3,
  "isActive": true,
  "age": 32,
  "name": "Lilia Ramirez"
}, {
  "index": 4,
  "isActive": true,
  "age": 35,
  "name": "Lily Joyner"
}, {
  "index": 5,
  "isActive": false,
  "age": 22,
  "name": "Ronda Norton"
}, {
  "index": 6,
  "isActive": false,
  "age": 31,
  "name": "Tiffany Davidson"
}, {
  "index": 7,
  "isActive": false,
  "age": 40,
  "name": "Allie Wise"
}, {
  "index": 8,
  "isActive": true,
  "age": 40,
  "name": "Giles Lopez"
}, {
  "index": 9,
  "isActive": false,
  "age": 25,
  "name": "Ramsey Cain"
}]}, expected={headers: {}; body:[{
  "index": 0,
  "isActive": false,
  "age": 28,
  "name": "LongLongLongLongLongLongLongLongLongLongLongLongLongLongLongLongLongLongLongLongLongLongLongLongLongLongLongLongLongLongLongLongLongLongLongLongLongLongLongLongLongLongLongLongLongLongLongLong"
}, {
  "index": 1,
  "isActive": true,
  "age": 29,
  "name": "Kasey Burris"
}, {
  "index": 2,
  "isActive": false,
  "age": 40,
  "name": "Antoinette Morse"
}, {
  "index": 3,
  "isActive": true,
  "age": 32,
  "name": "Lilia Ramirez"
}, {
  "index": 4,
  "isActive": true,
  "age": 35,
  "name": "Lily Joyner"
}, {
  "index": 5,
  "isActive": false,
  "age": 22,
  "name": "Ronda Norton"
}, {
  "index": 6,
  "isActive": false,
  "age": 31,
  "name": "Tiffany Davidson"
}, {
  "index": 7,
  "isActive": false,
  "age": 40,
  "name": "Allie Wise"
}, {
  "index": 8,
  "isActive": true,
  "age": 40,
  "name": "Giles Lopez"
}, {
  "index": 9,
  "isActive": false,
  "age": 25,
  "name": "Ramsey Cain"
}]}
20:18:03.053 [Test worker] INFO  i.g.a.c.e.e.m.c.check.MqVerifier.verify-gIAlu-s - Verifying actual={headers: {}; body:[{
  "index": 0,
  "isActive": false,
  "age": 28,
  "name": "LongLongLongLongLongLongLongLongLongLongLongLongLongLongLongLongLongLongLongLongLongLongLongLongLongLongLongLongLongLongLongLongLongLongLongLongLongLongLongLongLongLongLongLongLongLongLongLong"
}, {
  "index": 1,
  "isActive": true,
  "age": 29,
  "name": "Kasey Burris"
}, {
  "index": 2,
  "isActive": false,
  "age": 40,
  "name": "Antoinette Morse"
}, {
  "index": 3,
  "isActive": true,
  "age": 32,
  "name": "Lilia Ramirez"
}, {
  "index": 4,
  "isActive": true,
  "age": 35,
  "name": "Lily Joyner"
}, {
  "index": 5,
  "isActive": false,
  "age": 22,
  "name": "Ronda Norton"
}, {
  "index": 6,
  "isActive": false,
  "age": 31,
  "name": "Tiffany Davidson"
}, {
  "index": 7,
  "isActive": false,
  "age": 40,
  "name": "Allie Wise"
}, {
  "index": 8,
  "isActive": true,
  "age": 40,
  "name": "Giles Lopez"
}, {
  "index": 9,
  "isActive": false,
  "age": 25,
  "name": "Ramsey Cain"
}]}, expected={headers: {}; body:{"wrong": "2"}}
20:18:03.087 [Test worker] INFO  i.g.a.c.e.e.m.c.check.MqVerifier.verify-gIAlu-s - Verifying actual={headers: {}; body:[{
  "index": 0,
  "isActive": false,
  "age": 28,
  "name": "LongLongLongLongLongLongLongLongLongLongLongLongLongLongLongLongLongLongLongLongLongLongLongLongLongLongLongLongLongLongLongLongLongLongLongLongLongLongLongLongLongLongLongLongLongLongLongLong"
}, {
  "index": 1,
  "isActive": true,
  "age": 29,
  "name": "Kasey Burris"
}, {
  "index": 2,
  "isActive": false,
  "age": 40,
  "name": "Antoinette Morse"
}, {
  "index": 3,
  "isActive": true,
  "age": 32,
  "name": "Lilia Ramirez"
}, {
  "index": 4,
  "isActive": true,
  "age": 35,
  "name": "Lily Joyner"
}, {
  "index": 5,
  "isActive": false,
  "age": 22,
  "name": "Ronda Norton"
}, {
  "index": 6,
  "isActive": false,
  "age": 31,
  "name": "Tiffany Davidson"
}, {
  "index": 7,
  "isActive": false,
  "age": 40,
  "name": "Allie Wise"
}, {
  "index": 8,
  "isActive": true,
  "age": 40,
  "name": "Giles Lopez"
}, {
  "index": 9,
  "isActive": false,
  "age": 25,
  "name": "Ramsey Cain"
}]}, expected={headers: {}; body:{"wrong": "1"}}
20:18:03.089 [Test worker] INFO  i.g.a.c.e.e.m.c.check.MqVerifier.verify-gIAlu-s - Verifying actual={headers: {}; body:[{
  "index": 0,
  "isActive": false,
  "age": 28,
  "name": "LongLongLongLongLongLongLongLongLongLongLongLongLongLongLongLongLongLongLongLongLongLongLongLongLongLongLongLongLongLongLongLongLongLongLongLongLongLongLongLongLongLongLongLongLongLongLongLong"
}, {
  "index": 1,
  "isActive": true,
  "age": 29,
  "name": "Kasey Burris"
}, {
  "index": 2,
  "isActive": false,
  "age": 40,
  "name": "Antoinette Morse"
}, {
  "index": 3,
  "isActive": true,
  "age": 32,
  "name": "Lilia Ramirez"
}, {
  "index": 4,
  "isActive": true,
  "age": 35,
  "name": "Lily Joyner"
}, {
  "index": 5,
  "isActive": false,
  "age": 22,
  "name": "Ronda Norton"
}, {
  "index": 6,
  "isActive": false,
  "age": 31,
  "name": "Tiffany Davidson"
}, {
  "index": 7,
  "isActive": false,
  "age": 40,
  "name": "Allie Wise"
}, {
  "index": 8,
  "isActive": true,
  "age": 40,
  "name": "Giles Lopez"
}, {
  "index": 9,
  "isActive": false,
  "age": 25,
  "name": "Ramsey Cain"
}]}, expected={headers: {}; body:[{
  "index": 0,
  "isActive": false,
  "age": 28,
  "name": "LongLongLongLongLongLongLongLongLongLongLongLongLongLongLongLongLongLongLongLongLongLongLongLongLongLongLongLongLongLongLongLongLongLongLongLongLongLongLongLongLongLongLongLongLongLongLongLong"
}, {
  "index": 1,
  "isActive": true,
  "age": 29,
  "name": "Kasey Burris"
}, {
  "index": 2,
  "isActive": false,
  "age": 40,
  "name": "Antoinette Morse"
}, {
  "index": 3,
  "isActive": true,
  "age": 32,
  "name": "Lilia Ramirez"
}, {
  "index": 4,
  "isActive": true,
  "age": 35,
  "name": "Lily Joyner"
}, {
  "index": 5,
  "isActive": false,
  "age": 22,
  "name": "Ronda Norton"
}, {
  "index": 6,
  "isActive": false,
  "age": 31,
  "name": "Tiffany Davidson"
}, {
  "index": 7,
  "isActive": false,
  "age": 40,
  "name": "Allie Wise"
}, {
  "index": 8,
  "isActive": true,
  "age": 40,
  "name": "Giles Lopez"
}, {
  "index": 9,
  "isActive": false,
  "age": 25,
  "name": "Ramsey Cain"
}]}
20:18:03.094 [Test worker] INFO  i.g.a.c.e.e.m.c.check.MqVerifier.verify-gIAlu-s - Verifying actual={headers: {}; body:[{
  "index": 0,
  "isActive": false,
  "age": 28,
  "name": "LongLongLongLongLongLongLongLongLongLongLongLongLongLongLongLongLongLongLongLongLongLongLongLongLongLongLongLongLongLongLongLongLongLongLongLongLongLongLongLongLongLongLongLongLongLongLongLong"
}, {
  "index": 1,
  "isActive": true,
  "age": 29,
  "name": "Kasey Burris"
}, {
  "index": 2,
  "isActive": false,
  "age": 40,
  "name": "Antoinette Morse"
}, {
  "index": 3,
  "isActive": true,
  "age": 32,
  "name": "Lilia Ramirez"
}, {
  "index": 4,
  "isActive": true,
  "age": 35,
  "name": "Lily Joyner"
}, {
  "index": 5,
  "isActive": false,
  "age": 22,
  "name": "Ronda Norton"
}, {
  "index": 6,
  "isActive": false,
  "age": 31,
  "name": "Tiffany Davidson"
}, {
  "index": 7,
  "isActive": false,
  "age": 40,
  "name": "Allie Wise"
}, {
  "index": 8,
  "isActive": true,
  "age": 40,
  "name": "Giles Lopez"
}, {
  "index": 9,
  "isActive": false,
  "age": 25,
  "name": "Ramsey Cain"
}]}, expected={headers: {}; body:{"wrong": "2"}}
20:18:03.123 [Test worker] INFO  i.g.a.c.e.e.m.c.check.MqVerifier.verify-gIAlu-s - Verifying actual={headers: {}; body:[{
  "index": 0,
  "isActive": false,
  "age": 28,
  "name": "LongLongLongLongLongLongLongLongLongLongLongLongLongLongLongLongLongLongLongLongLongLongLongLongLongLongLongLongLongLongLongLongLongLongLongLongLongLongLongLongLongLongLongLongLongLongLongLong"
}, {
  "index": 1,
  "isActive": true,
  "age": 29,
  "name": "Kasey Burris"
}, {
  "index": 2,
  "isActive": false,
  "age": 40,
  "name": "Antoinette Morse"
}, {
  "index": 3,
  "isActive": true,
  "age": 32,
  "name": "Lilia Ramirez"
}, {
  "index": 4,
  "isActive": true,
  "age": 35,
  "name": "Lily Joyner"
}, {
  "index": 5,
  "isActive": false,
  "age": 22,
  "name": "Ronda Norton"
}, {
  "index": 6,
  "isActive": false,
  "age": 31,
  "name": "Tiffany Davidson"
}, {
  "index": 7,
  "isActive": false,
  "age": 40,
  "name": "Allie Wise"
}, {
  "index": 8,
  "isActive": true,
  "age": 40,
  "name": "Giles Lopez"
}, {
  "index": 9,
  "isActive": false,
  "age": 25,
  "name": "Ramsey Cain"
}]}, expected={headers: {}; body:{"wrong": "1"}}
20:18:03.127 [Test worker] INFO  i.g.a.c.e.e.m.c.check.MqVerifier.verify-gIAlu-s - Verifying actual={headers: {}; body:[{
  "index": 0,
  "isActive": false,
  "age": 28,
  "name": "LongLongLongLongLongLongLongLongLongLongLongLongLongLongLongLongLongLongLongLongLongLongLongLongLongLongLongLongLongLongLongLongLongLongLongLongLongLongLongLongLongLongLongLongLongLongLongLong"
}, {
  "index": 1,
  "isActive": true,
  "age": 29,
  "name": "Kasey Burris"
}, {
  "index": 2,
  "isActive": false,
  "age": 40,
  "name": "Antoinette Morse"
}, {
  "index": 3,
  "isActive": true,
  "age": 32,
  "name": "Lilia Ramirez"
}, {
  "index": 4,
  "isActive": true,
  "age": 35,
  "name": "Lily Joyner"
}, {
  "index": 5,
  "isActive": false,
  "age": 22,
  "name": "Ronda Norton"
}, {
  "index": 6,
  "isActive": false,
  "age": 31,
  "name": "Tiffany Davidson"
}, {
  "index": 7,
  "isActive": false,
  "age": 40,
  "name": "Allie Wise"
}, {
  "index": 8,
  "isActive": true,
  "age": 40,
  "name": "Giles Lopez"
}, {
  "index": 9,
  "isActive": false,
  "age": 25,
  "name": "Ramsey Cain"
}]}, expected={headers: {}; body:[{
  "index": 0,
  "isActive": false,
  "age": 28,
  "name": "LongLongLongLongLongLongLongLongLongLongLongLongLongLongLongLongLongLongLongLongLongLongLongLongLongLongLongLongLongLongLongLongLongLongLongLongLongLongLongLongLongLongLongLongLongLongLongLong"
}, {
  "index": 1,
  "isActive": true,
  "age": 29,
  "name": "Kasey Burris"
}, {
  "index": 2,
  "isActive": false,
  "age": 40,
  "name": "Antoinette Morse"
}, {
  "index": 3,
  "isActive": true,
  "age": 32,
  "name": "Lilia Ramirez"
}, {
  "index": 4,
  "isActive": true,
  "age": 35,
  "name": "Lily Joyner"
}, {
  "index": 5,
  "isActive": false,
  "age": 22,
  "name": "Ronda Norton"
}, {
  "index": 6,
  "isActive": false,
  "age": 31,
  "name": "Tiffany Davidson"
}, {
  "index": 7,
  "isActive": false,
  "age": 40,
  "name": "Allie Wise"
}, {
  "index": 8,
  "isActive": true,
  "age": 40,
  "name": "Giles Lopez"
}, {
  "index": 9,
  "isActive": false,
  "age": 25,
  "name": "Ramsey Cain"
}]}
20:18:03.143 [Test worker] INFO  i.g.a.c.e.e.m.c.check.MqVerifier.verify-gIAlu-s - Verifying actual={headers: {}; body:[{
  "index": 0,
  "isActive": false,
  "age": 28,
  "name": "LongLongLongLongLongLongLongLongLongLongLongLongLongLongLongLongLongLongLongLongLongLongLongLongLongLongLongLongLongLongLongLongLongLongLongLongLongLongLongLongLongLongLongLongLongLongLongLong"
}, {
  "index": 1,
  "isActive": true,
  "age": 29,
  "name": "Kasey Burris"
}, {
  "index": 2,
  "isActive": false,
  "age": 40,
  "name": "Antoinette Morse"
}, {
  "index": 3,
  "isActive": true,
  "age": 32,
  "name": "Lilia Ramirez"
}, {
  "index": 4,
  "isActive": true,
  "age": 35,
  "name": "Lily Joyner"
}, {
  "index": 5,
  "isActive": false,
  "age": 22,
  "name": "Ronda Norton"
}, {
  "index": 6,
  "isActive": false,
  "age": 31,
  "name": "Tiffany Davidson"
}, {
  "index": 7,
  "isActive": false,
  "age": 40,
  "name": "Allie Wise"
}, {
  "index": 8,
  "isActive": true,
  "age": 40,
  "name": "Giles Lopez"
}, {
  "index": 9,
  "isActive": false,
  "age": 25,
  "name": "Ramsey Cain"
}]}, expected={headers: {}; body:{"wrong": "2"}}
